<?xml version="1.0" encoding="UTF-8"?>
<!-- Generated by org.testng.reporters.JUnitXMLReporter -->
<testsuite hostname="IBM-Testing01" ignored="0" name="Test" tests="5" failures="2" timestamp="15 Jan 2020 20:15:29 GMT" time="98.454" errors="0">
  <testcase name="validRegisterTest" time="11.311" classname="com.training.sanity.tests.CYTC_001">
    <failure type="org.openqa.selenium.UnhandledAlertException" message="unexpected alert open: {Alert text : The given login name (Dhwani34) is already in use
E-Mail is not unique
Mobile phone is not unique
}
  (Session info: chrome=79.0.3945.117): The given login name (Dhwani34) is already in use
E-Mail is not unique
Mobile phone is not unique

Build info: version: &amp;apos;3.141.59&amp;apos;, revision: &amp;apos;e82be7d358&amp;apos;, time: &amp;apos;2018-11-14T08:17:03&amp;apos;
System info: host: &amp;apos;IBM-TESTING01&amp;apos;, ip: &amp;apos;169.254.73.233&amp;apos;, os.name: &amp;apos;Windows 10&amp;apos;, os.arch: &amp;apos;amd64&amp;apos;, os.version: &amp;apos;10.0&amp;apos;, java.version: &amp;apos;1.8.0_151&amp;apos;
Driver info: org.openqa.selenium.chrome.ChromeDriver
Capabilities {acceptInsecureCerts: false, browserName: chrome, browserVersion: 79.0.3945.117, chrome: {chromedriverVersion: 79.0.3945.36 (3582db32b3389..., userDataDir: C:\Users\IBM\AppData\Local\...}, goog:chromeOptions: {debuggerAddress: localhost:54686}, javascriptEnabled: true, networkConnectionEnabled: false, pageLoadStrategy: normal, platform: WINDOWS, platformName: WINDOWS, proxy: Proxy(), setWindowRect: true, strictFileInteractability: false, timeouts: {implicit: 0, pageLoad: 300000, script: 30000}, unhandledPromptBehavior: dismiss and notify}
Session ID: 82d8be3bd3f4a668d36af76c69b16cec
*** Element info: {Using=xpath, value=//td[contains(text(),&amp;apos;Thanks for registering!&amp;apos;)]}">
      <![CDATA[org.openqa.selenium.UnhandledAlertException: unexpected alert open: {Alert text : The given login name (Dhwani34) is already in use
E-Mail is not unique
Mobile phone is not unique
}
  (Session info: chrome=79.0.3945.117): The given login name (Dhwani34) is already in use
E-Mail is not unique
Mobile phone is not unique

Build info: version: '3.141.59', revision: 'e82be7d358', time: '2018-11-14T08:17:03'
System info: host: 'IBM-TESTING01', ip: '169.254.73.233', os.name: 'Windows 10', os.arch: 'amd64', os.version: '10.0', java.version: '1.8.0_151'
Driver info: org.openqa.selenium.chrome.ChromeDriver
Capabilities {acceptInsecureCerts: false, browserName: chrome, browserVersion: 79.0.3945.117, chrome: {chromedriverVersion: 79.0.3945.36 (3582db32b3389..., userDataDir: C:\Users\IBM\AppData\Local\...}, goog:chromeOptions: {debuggerAddress: localhost:54686}, javascriptEnabled: true, networkConnectionEnabled: false, pageLoadStrategy: normal, platform: WINDOWS, platformName: WINDOWS, proxy: Proxy(), setWindowRect: true, strictFileInteractability: false, timeouts: {implicit: 0, pageLoad: 300000, script: 30000}, unhandledPromptBehavior: dismiss and notify}
Session ID: 82d8be3bd3f4a668d36af76c69b16cec
*** Element info: {Using=xpath, value=//td[contains(text(),'Thanks for registering!')]}
at org.openqa.selenium.remote.http.W3CHttpResponseCodec.decode(W3CHttpResponseCodec.java:120)
at org.openqa.selenium.remote.http.W3CHttpResponseCodec.decode(W3CHttpResponseCodec.java:49)
at org.openqa.selenium.remote.HttpCommandExecutor.execute(HttpCommandExecutor.java:158)
at org.openqa.selenium.remote.service.DriverCommandExecutor.execute(DriverCommandExecutor.java:83)
at org.openqa.selenium.remote.RemoteWebDriver.execute(RemoteWebDriver.java:552)
at org.openqa.selenium.remote.RemoteWebDriver.findElement(RemoteWebDriver.java:323)
at org.openqa.selenium.remote.RemoteWebDriver.findElementByXPath(RemoteWebDriver.java:428)
at org.openqa.selenium.By$ByXPath.findElement(By.java:353)
at org.openqa.selenium.remote.RemoteWebDriver.findElement(RemoteWebDriver.java:315)
at com.training.sanity.tests.CYTC_001.validRegisterTest(CYTC_001.java:72)
... Removed 25 stack frames]]>
    </failure>
  </testcase> <!-- validRegisterTest -->
  <testcase name="validLoginTest" time="0.907" classname="com.training.sanity.tests.CYTC_002"/>
  <testcase name="validLoginTest" time="21.481" classname="com.training.sanity.tests.CYTC_003">
    <failure type="org.openqa.selenium.NoSuchElementException" message="Cannot locate an element using xpath=//select[@name=&amp;apos;newGroupId&amp;apos;]
For documentation on this error, please visit: https://www.seleniumhq.org/exceptions/no_such_element.html
Build info: version: &amp;apos;3.141.59&amp;apos;, revision: &amp;apos;e82be7d358&amp;apos;, time: &amp;apos;2018-11-14T08:17:03&amp;apos;
System info: host: &amp;apos;IBM-TESTING01&amp;apos;, ip: &amp;apos;169.254.73.233&amp;apos;, os.name: &amp;apos;Windows 10&amp;apos;, os.arch: &amp;apos;amd64&amp;apos;, os.version: &amp;apos;10.0&amp;apos;, java.version: &amp;apos;1.8.0_151&amp;apos;
Driver info: driver.version: RemoteWebDriver">
      <![CDATA[org.openqa.selenium.NoSuchElementException: Cannot locate an element using xpath=//select[@name='newGroupId']
For documentation on this error, please visit: https://www.seleniumhq.org/exceptions/no_such_element.html
Build info: version: '3.141.59', revision: 'e82be7d358', time: '2018-11-14T08:17:03'
System info: host: 'IBM-TESTING01', ip: '169.254.73.233', os.name: 'Windows 10', os.arch: 'amd64', os.version: '10.0', java.version: '1.8.0_151'
Driver info: driver.version: RemoteWebDriver
at org.openqa.selenium.remote.RemoteWebDriver.findElement(RemoteWebDriver.java:327)
at org.openqa.selenium.remote.RemoteWebDriver.findElementByXPath(RemoteWebDriver.java:428)
at org.openqa.selenium.By$ByXPath.findElement(By.java:353)
at org.openqa.selenium.remote.RemoteWebDriver.findElement(RemoteWebDriver.java:315)
at org.openqa.selenium.support.pagefactory.DefaultElementLocator.findElement(DefaultElementLocator.java:69)
at org.openqa.selenium.support.pagefactory.internal.LocatingElementHandler.invoke(LocatingElementHandler.java:38)
at com.sun.proxy.$Proxy10.click(Unknown Source)
at com.training.pom.PermissionPOM.clickNewGroup(PermissionPOM.java:78)
at com.training.sanity.tests.CYTC_003.validLoginTest(CYTC_003.java:54)
... Removed 25 stack frames]]>
    </failure>
  </testcase> <!-- validLoginTest -->
  <testcase name="validLoginTest" time="1.359" classname="com.training.sanity.tests.CYTC_004"/>
  <testcase name="validLoginTest" time="5.142" classname="com.training.sanity.tests.CYTC_005"/>
</testsuite> <!-- Test -->
